#! /usr/local/bin/vvp
:ivl_version "11.0 (stable)" "(v11_0-130-gaf2b95276)";
:ivl_delay_selection "TYPICAL";
:vpi_time_precision + 0;
:vpi_module "/usr/local/lib/ivl/system.vpi";
:vpi_module "/usr/local/lib/ivl/vhdl_sys.vpi";
:vpi_module "/usr/local/lib/ivl/vhdl_textio.vpi";
:vpi_module "/usr/local/lib/ivl/v2005_math.vpi";
:vpi_module "/usr/local/lib/ivl/va_math.vpi";
S_0x5651a893c120 .scope module, "ICache" "ICache" 2 16;
 .timescale 0 0;
    .port_info 0 /INPUT 1 "clk";
    .port_info 1 /INPUT 1 "rst_n";
    .port_info 2 /INPUT 32 "if_pc_i";
    .port_info 3 /INPUT 1 "if_valid_req_i";
    .port_info 4 /OUTPUT 1 "Icache_ready_o";
    .port_info 5 /OUTPUT 32 "Icache_inst_o";
    .port_info 6 /OUTPUT 1 "hit";
    .port_info 7 /OUTPUT 32 "Icache_addr_o";
    .port_info 8 /OUTPUT 1 "Icache_valid_req_o";
    .port_info 9 /INPUT 1 "mem_ready_i";
    .port_info 10 /INPUT 128 "mem_data_i";
P_0x5651a893c480 .param/l "Compare_Tag" 1 2 42, +C4<00000000000000000000000000000001>;
P_0x5651a893c4c0 .param/l "Idle" 1 2 41, +C4<00000000000000000000000000000000>;
P_0x5651a893c500 .param/l "Read_from_Mem" 1 2 43, +C4<00000000000000000000000000000010>;
P_0x5651a893c540 .param/l "Replace" 1 2 53, +C4<00000000000000000000000000011011>;
P_0x5651a893c580 .param/l "Tag_Width" 1 2 51, +C4<000000000000000000000000000011010>;
P_0x5651a893c5c0 .param/l "Valid" 1 2 52, +C4<00000000000000000000000000011100>;
L_0x7ffbaafa2138 .functor BUFT 1, C4<1>, C4<0>, C4<0>, C4<0>;
L_0x5651a895fd50 .functor XNOR 1, L_0x5651a895ff50, L_0x7ffbaafa2138, C4<0>, C4<0>;
L_0x5651a89601b0 .functor AND 1, L_0x5651a895f980, L_0x5651a895fd50, C4<1>, C4<1>;
L_0x7ffbaafa2330 .functor BUFT 1, C4<1>, C4<0>, C4<0>, C4<0>;
L_0x5651a8970930 .functor XNOR 1, L_0x5651a8971420, L_0x7ffbaafa2330, C4<0>, C4<0>;
L_0x5651a89716a0 .functor AND 1, L_0x5651a8970b90, L_0x5651a8970930, C4<1>, C4<1>;
v0x5651a88dae50 .array "ICache_Data_Block", 15 0, 127 0;
v0x5651a895ba80 .array "ICache_Tag_Array", 15 0, 28 0;
v0x5651a895bd40_0 .net "ICache_Tag_hit", 1 0, L_0x5651a89602c0;  1 drivers
v0x5651a895be00_0 .var "Icache_addr_o", 31 0;
v0x5651a895bee0_0 .net "Icache_index", 2 0, L_0x5651a895f230;  1 drivers
v0x5651a895c010_0 .var "Icache_inst_o", 31 0;
v0x5651a895c0f0_0 .net "Icache_off", 1 0, L_0x5651a895f2d0;  1 drivers
v0x5651a895c1d0_0 .var "Icache_ready_o", 0 0;
v0x5651a895c290_0 .net "Icache_tag", 26 0, L_0x5651a895f190;  1 drivers
v0x5651a895c370_0 .var "Icache_valid_req_o", 0 0;
v0x5651a895c430_0 .var "Mem_Data_Buffer_i", 127 0;
v0x5651a895c510_0 .net *"_ivl_10", 2 0, L_0x5651a895f530;  1 drivers
v0x5651a895c5f0_0 .net *"_ivl_12", 1 0, L_0x5651a895f440;  1 drivers
L_0x7ffbaafa2018 .functor BUFT 1, C4<0>, C4<0>, C4<0>, C4<0>;
v0x5651a895c6d0_0 .net *"_ivl_14", 0 0, L_0x7ffbaafa2018;  1 drivers
v0x5651a895c7b0_0 .net *"_ivl_16", 5 0, L_0x5651a895f6b0;  1 drivers
L_0x7ffbaafa2060 .functor BUFT 1, C4<000>, C4<0>, C4<0>, C4<0>;
v0x5651a895c890_0 .net *"_ivl_19", 2 0, L_0x7ffbaafa2060;  1 drivers
v0x5651a895c970_0 .net *"_ivl_21", 26 0, L_0x5651a895f840;  1 drivers
v0x5651a895ca50_0 .net *"_ivl_22", 0 0, L_0x5651a895f980;  1 drivers
v0x5651a895cb10_0 .net *"_ivl_24", 28 0, L_0x5651a895fac0;  1 drivers
v0x5651a895cbf0_0 .net *"_ivl_26", 2 0, L_0x5651a895fc60;  1 drivers
v0x5651a895ccd0_0 .net *"_ivl_28", 1 0, L_0x5651a895fbc0;  1 drivers
L_0x7ffbaafa20a8 .functor BUFT 1, C4<0>, C4<0>, C4<0>, C4<0>;
v0x5651a895cdb0_0 .net *"_ivl_30", 0 0, L_0x7ffbaafa20a8;  1 drivers
v0x5651a895ce90_0 .net *"_ivl_32", 5 0, L_0x5651a895fdc0;  1 drivers
L_0x7ffbaafa20f0 .functor BUFT 1, C4<000>, C4<0>, C4<0>, C4<0>;
v0x5651a895cf70_0 .net *"_ivl_35", 2 0, L_0x7ffbaafa20f0;  1 drivers
v0x5651a895d050_0 .net *"_ivl_37", 0 0, L_0x5651a895ff50;  1 drivers
v0x5651a895d130_0 .net/2u *"_ivl_38", 0 0, L_0x7ffbaafa2138;  1 drivers
v0x5651a895d210_0 .net *"_ivl_40", 0 0, L_0x5651a895fd50;  1 drivers
v0x5651a895d2d0_0 .net *"_ivl_43", 0 0, L_0x5651a89601b0;  1 drivers
v0x5651a895d390_0 .net *"_ivl_47", 28 0, L_0x5651a89603b0;  1 drivers
v0x5651a895d470_0 .net *"_ivl_49", 31 0, L_0x5651a89604e0;  1 drivers
L_0x7ffbaafa2180 .functor BUFT 1, C4<00000000000000000000000000000>, C4<0>, C4<0>, C4<0>;
v0x5651a895d550_0 .net *"_ivl_52", 28 0, L_0x7ffbaafa2180;  1 drivers
v0x5651a895d630_0 .net *"_ivl_53", 31 0, L_0x5651a8970720;  1 drivers
v0x5651a895d710_0 .net *"_ivl_55", 30 0, L_0x5651a8970590;  1 drivers
L_0x7ffbaafa21c8 .functor BUFT 1, C4<0>, C4<0>, C4<0>, C4<0>;
v0x5651a895d7f0_0 .net *"_ivl_57", 0 0, L_0x7ffbaafa21c8;  1 drivers
L_0x7ffbaafa2210 .functor BUFT 1, C4<00000000000000000000000000000001>, C4<0>, C4<0>, C4<0>;
v0x5651a895d8d0_0 .net/2u *"_ivl_59", 31 0, L_0x7ffbaafa2210;  1 drivers
v0x5651a895d9b0_0 .net *"_ivl_61", 31 0, L_0x5651a8970890;  1 drivers
v0x5651a895da90_0 .net *"_ivl_64", 26 0, L_0x5651a8970680;  1 drivers
v0x5651a895db70_0 .net *"_ivl_65", 0 0, L_0x5651a8970b90;  1 drivers
v0x5651a895dc30_0 .net *"_ivl_67", 28 0, L_0x5651a8970d40;  1 drivers
v0x5651a895dd10_0 .net *"_ivl_69", 31 0, L_0x5651a8970de0;  1 drivers
L_0x7ffbaafa2258 .functor BUFT 1, C4<00000000000000000000000000000>, C4<0>, C4<0>, C4<0>;
v0x5651a895ddf0_0 .net *"_ivl_72", 28 0, L_0x7ffbaafa2258;  1 drivers
v0x5651a895ded0_0 .net *"_ivl_73", 31 0, L_0x5651a8971040;  1 drivers
v0x5651a895dfb0_0 .net *"_ivl_75", 30 0, L_0x5651a8970fa0;  1 drivers
L_0x7ffbaafa22a0 .functor BUFT 1, C4<0>, C4<0>, C4<0>, C4<0>;
v0x5651a895e090_0 .net *"_ivl_77", 0 0, L_0x7ffbaafa22a0;  1 drivers
L_0x7ffbaafa22e8 .functor BUFT 1, C4<00000000000000000000000000000001>, C4<0>, C4<0>, C4<0>;
v0x5651a895e170_0 .net/2u *"_ivl_79", 31 0, L_0x7ffbaafa22e8;  1 drivers
v0x5651a895e250_0 .net *"_ivl_8", 28 0, L_0x5651a895f370;  1 drivers
v0x5651a895e330_0 .net *"_ivl_81", 31 0, L_0x5651a8971290;  1 drivers
v0x5651a895e410_0 .net *"_ivl_84", 0 0, L_0x5651a8971420;  1 drivers
v0x5651a895e4f0_0 .net/2u *"_ivl_85", 0 0, L_0x7ffbaafa2330;  1 drivers
v0x5651a895e5d0_0 .net *"_ivl_87", 0 0, L_0x5651a8970930;  1 drivers
v0x5651a895e690_0 .net *"_ivl_90", 0 0, L_0x5651a89716a0;  1 drivers
L_0x7ffbaafa2378 .functor BUFT 1, C4<00>, C4<0>, C4<0>, C4<0>;
v0x5651a895e750_0 .net/2u *"_ivl_91", 1 0, L_0x7ffbaafa2378;  1 drivers
o0x7ffbaafebf78 .functor BUFZ 1, C4<z>; HiZ drive
v0x5651a895e830_0 .net "clk", 0 0, o0x7ffbaafebf78;  0 drivers
v0x5651a895e8f0_0 .var "cur_state", 1 0;
v0x5651a895e9d0_0 .net "hit", 0 0, L_0x5651a8971830;  1 drivers
o0x7ffbaafec008 .functor BUFZ 32, C4<zzzzzzzzzzzzzzzzzzzzzzzzzzzzzzzz>; HiZ drive
v0x5651a895ea90_0 .net "if_pc_i", 31 0, o0x7ffbaafec008;  0 drivers
o0x7ffbaafec038 .functor BUFZ 1, C4<z>; HiZ drive
v0x5651a895eb70_0 .net "if_valid_req_i", 0 0, o0x7ffbaafec038;  0 drivers
o0x7ffbaafec068 .functor BUFZ 128, C4<zzzzzzzzzzzzzzzzzzzzzzzzzzzzzzzzzzzzzzzzzzzzzzzzzzzzzzzzzzzzzzzzzzzzzzzzzzzzzzzzzzzzzzzzzzzzzzzzzzzzzzzzzzzzzzzzzzzzzzzzzzzzzzzz>; HiZ drive
v0x5651a895ec30_0 .net "mem_data_i", 127 0, o0x7ffbaafec068;  0 drivers
o0x7ffbaafec098 .functor BUFZ 1, C4<z>; HiZ drive
v0x5651a895ed10_0 .net "mem_ready_i", 0 0, o0x7ffbaafec098;  0 drivers
v0x5651a895edd0_0 .var "next_state", 1 0;
o0x7ffbaafec0f8 .functor BUFZ 1, C4<z>; HiZ drive
v0x5651a895eeb0_0 .net "rst_n", 0 0, o0x7ffbaafec0f8;  0 drivers
v0x5651a895ef70_0 .var "victim_number", 0 0;
E_0x5651a89146e0/0 .event edge, v0x5651a895e8f0_0, v0x5651a895eb70_0, v0x5651a895e9d0_0, v0x5651a895c1d0_0;
v0x5651a88dae50_0 .array/port v0x5651a88dae50, 0;
E_0x5651a89146e0/1 .event edge, v0x5651a895bd40_0, v0x5651a895c0f0_0, v0x5651a895bee0_0, v0x5651a88dae50_0;
v0x5651a88dae50_1 .array/port v0x5651a88dae50, 1;
v0x5651a88dae50_2 .array/port v0x5651a88dae50, 2;
v0x5651a88dae50_3 .array/port v0x5651a88dae50, 3;
v0x5651a88dae50_4 .array/port v0x5651a88dae50, 4;
E_0x5651a89146e0/2 .event edge, v0x5651a88dae50_1, v0x5651a88dae50_2, v0x5651a88dae50_3, v0x5651a88dae50_4;
v0x5651a88dae50_5 .array/port v0x5651a88dae50, 5;
v0x5651a88dae50_6 .array/port v0x5651a88dae50, 6;
v0x5651a88dae50_7 .array/port v0x5651a88dae50, 7;
v0x5651a88dae50_8 .array/port v0x5651a88dae50, 8;
E_0x5651a89146e0/3 .event edge, v0x5651a88dae50_5, v0x5651a88dae50_6, v0x5651a88dae50_7, v0x5651a88dae50_8;
v0x5651a88dae50_9 .array/port v0x5651a88dae50, 9;
v0x5651a88dae50_10 .array/port v0x5651a88dae50, 10;
v0x5651a88dae50_11 .array/port v0x5651a88dae50, 11;
v0x5651a88dae50_12 .array/port v0x5651a88dae50, 12;
E_0x5651a89146e0/4 .event edge, v0x5651a88dae50_9, v0x5651a88dae50_10, v0x5651a88dae50_11, v0x5651a88dae50_12;
v0x5651a88dae50_13 .array/port v0x5651a88dae50, 13;
v0x5651a88dae50_14 .array/port v0x5651a88dae50, 14;
v0x5651a88dae50_15 .array/port v0x5651a88dae50, 15;
v0x5651a895ba80_0 .array/port v0x5651a895ba80, 0;
E_0x5651a89146e0/5 .event edge, v0x5651a88dae50_13, v0x5651a88dae50_14, v0x5651a88dae50_15, v0x5651a895ba80_0;
v0x5651a895ba80_1 .array/port v0x5651a895ba80, 1;
v0x5651a895ba80_2 .array/port v0x5651a895ba80, 2;
v0x5651a895ba80_3 .array/port v0x5651a895ba80, 3;
v0x5651a895ba80_4 .array/port v0x5651a895ba80, 4;
E_0x5651a89146e0/6 .event edge, v0x5651a895ba80_1, v0x5651a895ba80_2, v0x5651a895ba80_3, v0x5651a895ba80_4;
v0x5651a895ba80_5 .array/port v0x5651a895ba80, 5;
v0x5651a895ba80_6 .array/port v0x5651a895ba80, 6;
v0x5651a895ba80_7 .array/port v0x5651a895ba80, 7;
v0x5651a895ba80_8 .array/port v0x5651a895ba80, 8;
E_0x5651a89146e0/7 .event edge, v0x5651a895ba80_5, v0x5651a895ba80_6, v0x5651a895ba80_7, v0x5651a895ba80_8;
v0x5651a895ba80_9 .array/port v0x5651a895ba80, 9;
v0x5651a895ba80_10 .array/port v0x5651a895ba80, 10;
v0x5651a895ba80_11 .array/port v0x5651a895ba80, 11;
v0x5651a895ba80_12 .array/port v0x5651a895ba80, 12;
E_0x5651a89146e0/8 .event edge, v0x5651a895ba80_9, v0x5651a895ba80_10, v0x5651a895ba80_11, v0x5651a895ba80_12;
v0x5651a895ba80_13 .array/port v0x5651a895ba80, 13;
v0x5651a895ba80_14 .array/port v0x5651a895ba80, 14;
v0x5651a895ba80_15 .array/port v0x5651a895ba80, 15;
E_0x5651a89146e0/9 .event edge, v0x5651a895ba80_13, v0x5651a895ba80_14, v0x5651a895ba80_15, v0x5651a895ea90_0;
E_0x5651a89146e0/10 .event edge, v0x5651a895ec30_0, v0x5651a895ed10_0, v0x5651a895c430_0, v0x5651a895ef70_0;
E_0x5651a89146e0 .event/or E_0x5651a89146e0/0, E_0x5651a89146e0/1, E_0x5651a89146e0/2, E_0x5651a89146e0/3, E_0x5651a89146e0/4, E_0x5651a89146e0/5, E_0x5651a89146e0/6, E_0x5651a89146e0/7, E_0x5651a89146e0/8, E_0x5651a89146e0/9, E_0x5651a89146e0/10;
E_0x5651a8914260/0 .event negedge, v0x5651a895eeb0_0;
E_0x5651a8914260/1 .event posedge, v0x5651a895e830_0;
E_0x5651a8914260 .event/or E_0x5651a8914260/0, E_0x5651a8914260/1;
E_0x5651a89151b0 .event edge, v0x5651a895eeb0_0;
L_0x5651a895f190 .part o0x7ffbaafec008, 5, 27;
L_0x5651a895f230 .part o0x7ffbaafec008, 2, 3;
L_0x5651a895f2d0 .part o0x7ffbaafec008, 0, 2;
L_0x5651a895f370 .array/port v0x5651a895ba80, L_0x5651a895f6b0;
L_0x5651a895f440 .part L_0x5651a895f230, 0, 2;
L_0x5651a895f530 .concat [ 1 2 0 0], L_0x7ffbaafa2018, L_0x5651a895f440;
L_0x5651a895f6b0 .concat [ 3 3 0 0], L_0x5651a895f530, L_0x7ffbaafa2060;
L_0x5651a895f840 .part L_0x5651a895f370, 0, 27;
L_0x5651a895f980 .cmp/eq 27, L_0x5651a895f190, L_0x5651a895f840;
L_0x5651a895fac0 .array/port v0x5651a895ba80, L_0x5651a895fdc0;
L_0x5651a895fbc0 .part L_0x5651a895f230, 0, 2;
L_0x5651a895fc60 .concat [ 1 2 0 0], L_0x7ffbaafa20a8, L_0x5651a895fbc0;
L_0x5651a895fdc0 .concat [ 3 3 0 0], L_0x5651a895fc60, L_0x7ffbaafa20f0;
L_0x5651a895ff50 .part L_0x5651a895fac0, 28, 1;
L_0x5651a89602c0 .concat8 [ 1 1 0 0], L_0x5651a89601b0, L_0x5651a89716a0;
L_0x5651a89603b0 .array/port v0x5651a895ba80, L_0x5651a8970890;
L_0x5651a89604e0 .concat [ 3 29 0 0], L_0x5651a895f230, L_0x7ffbaafa2180;
L_0x5651a8970590 .part L_0x5651a89604e0, 0, 31;
L_0x5651a8970720 .concat [ 1 31 0 0], L_0x7ffbaafa21c8, L_0x5651a8970590;
L_0x5651a8970890 .arith/sum 32, L_0x5651a8970720, L_0x7ffbaafa2210;
L_0x5651a8970680 .part L_0x5651a89603b0, 0, 27;
L_0x5651a8970b90 .cmp/eq 27, L_0x5651a895f190, L_0x5651a8970680;
L_0x5651a8970d40 .array/port v0x5651a895ba80, L_0x5651a8971290;
L_0x5651a8970de0 .concat [ 3 29 0 0], L_0x5651a895f230, L_0x7ffbaafa2258;
L_0x5651a8970fa0 .part L_0x5651a8970de0, 0, 31;
L_0x5651a8971040 .concat [ 1 31 0 0], L_0x7ffbaafa22a0, L_0x5651a8970fa0;
L_0x5651a8971290 .arith/sum 32, L_0x5651a8971040, L_0x7ffbaafa22e8;
L_0x5651a8971420 .part L_0x5651a8970d40, 28, 1;
L_0x5651a8971830 .cmp/ne 2, L_0x5651a89602c0, L_0x7ffbaafa2378;
    .scope S_0x5651a893c120;
T_0 ;
    %wait E_0x5651a89151b0;
    %load/vec4 v0x5651a895eeb0_0;
    %cmpi/e 0, 0, 1;
    %jmp/0xz  T_0.0, 4;
    %pushi/vec4 0, 0, 29;
    %ix/load 4, 0, 0;
    %flag_set/imm 4, 0;
    %store/vec4a v0x5651a895ba80, 4, 0;
    %pushi/vec4 0, 0, 29;
    %ix/load 4, 1, 0;
    %flag_set/imm 4, 0;
    %store/vec4a v0x5651a895ba80, 4, 0;
    %pushi/vec4 0, 0, 29;
    %ix/load 4, 2, 0;
    %flag_set/imm 4, 0;
    %store/vec4a v0x5651a895ba80, 4, 0;
    %pushi/vec4 0, 0, 29;
    %ix/load 4, 3, 0;
    %flag_set/imm 4, 0;
    %store/vec4a v0x5651a895ba80, 4, 0;
    %pushi/vec4 0, 0, 29;
    %ix/load 4, 4, 0;
    %flag_set/imm 4, 0;
    %store/vec4a v0x5651a895ba80, 4, 0;
    %pushi/vec4 0, 0, 29;
    %ix/load 4, 5, 0;
    %flag_set/imm 4, 0;
    %store/vec4a v0x5651a895ba80, 4, 0;
    %pushi/vec4 0, 0, 29;
    %ix/load 4, 6, 0;
    %flag_set/imm 4, 0;
    %store/vec4a v0x5651a895ba80, 4, 0;
    %pushi/vec4 0, 0, 29;
    %ix/load 4, 7, 0;
    %flag_set/imm 4, 0;
    %store/vec4a v0x5651a895ba80, 4, 0;
    %pushi/vec4 0, 0, 29;
    %ix/load 4, 8, 0;
    %flag_set/imm 4, 0;
    %store/vec4a v0x5651a895ba80, 4, 0;
    %pushi/vec4 0, 0, 29;
    %ix/load 4, 9, 0;
    %flag_set/imm 4, 0;
    %store/vec4a v0x5651a895ba80, 4, 0;
    %pushi/vec4 0, 0, 29;
    %ix/load 4, 10, 0;
    %flag_set/imm 4, 0;
    %store/vec4a v0x5651a895ba80, 4, 0;
    %pushi/vec4 0, 0, 29;
    %ix/load 4, 11, 0;
    %flag_set/imm 4, 0;
    %store/vec4a v0x5651a895ba80, 4, 0;
    %pushi/vec4 0, 0, 29;
    %ix/load 4, 12, 0;
    %flag_set/imm 4, 0;
    %store/vec4a v0x5651a895ba80, 4, 0;
    %pushi/vec4 0, 0, 29;
    %ix/load 4, 13, 0;
    %flag_set/imm 4, 0;
    %store/vec4a v0x5651a895ba80, 4, 0;
    %pushi/vec4 0, 0, 29;
    %ix/load 4, 14, 0;
    %flag_set/imm 4, 0;
    %store/vec4a v0x5651a895ba80, 4, 0;
    %pushi/vec4 0, 0, 29;
    %ix/load 4, 15, 0;
    %flag_set/imm 4, 0;
    %store/vec4a v0x5651a895ba80, 4, 0;
T_0.0 ;
    %jmp T_0;
    .thread T_0, $push;
    .scope S_0x5651a893c120;
T_1 ;
    %wait E_0x5651a8914260;
    %load/vec4 v0x5651a895eeb0_0;
    %cmpi/e 0, 0, 1;
    %jmp/0xz  T_1.0, 4;
    %pushi/vec4 0, 0, 2;
    %assign/vec4 v0x5651a895e8f0_0, 0;
    %pushi/vec4 0, 0, 2;
    %assign/vec4 v0x5651a895edd0_0, 0;
    %jmp T_1.1;
T_1.0 ;
    %load/vec4 v0x5651a895edd0_0;
    %assign/vec4 v0x5651a895e8f0_0, 0;
T_1.1 ;
    %jmp T_1;
    .thread T_1;
    .scope S_0x5651a893c120;
T_2 ;
    %wait E_0x5651a89146e0;
    %pushi/vec4 0, 0, 1;
    %store/vec4 v0x5651a895ef70_0, 0, 1;
    %pushi/vec4 0, 0, 1;
    %store/vec4 v0x5651a895c1d0_0, 0, 1;
    %pushi/vec4 0, 0, 32;
    %store/vec4 v0x5651a895c010_0, 0, 32;
    %pushi/vec4 0, 0, 32;
    %store/vec4 v0x5651a895be00_0, 0, 32;
    %pushi/vec4 0, 0, 1;
    %store/vec4 v0x5651a895c370_0, 0, 1;
    %load/vec4 v0x5651a895e8f0_0;
    %dup/vec4;
    %pushi/vec4 0, 0, 2;
    %cmp/u;
    %jmp/1 T_2.0, 6;
    %dup/vec4;
    %pushi/vec4 1, 0, 2;
    %cmp/u;
    %jmp/1 T_2.1, 6;
    %dup/vec4;
    %pushi/vec4 2, 0, 2;
    %cmp/u;
    %jmp/1 T_2.2, 6;
    %pushi/vec4 0, 0, 2;
    %store/vec4 v0x5651a895edd0_0, 0, 2;
    %jmp T_2.4;
T_2.0 ;
    %load/vec4 v0x5651a895eb70_0;
    %cmpi/e 1, 0, 1;
    %jmp/0xz  T_2.5, 4;
    %pushi/vec4 1, 0, 2;
    %store/vec4 v0x5651a895edd0_0, 0, 2;
    %jmp T_2.6;
T_2.5 ;
    %pushi/vec4 0, 0, 2;
    %store/vec4 v0x5651a895edd0_0, 0, 2;
T_2.6 ;
    %jmp T_2.4;
T_2.1 ;
    %load/vec4 v0x5651a895e9d0_0;
    %store/vec4 v0x5651a895c1d0_0, 0, 1;
    %load/vec4 v0x5651a895c1d0_0;
    %cmpi/e 1, 0, 1;
    %jmp/0xz  T_2.7, 4;
    %load/vec4 v0x5651a895bd40_0;
    %parti/s 1, 0, 2;
    %cmpi/e 1, 0, 1;
    %jmp/0xz  T_2.9, 4;
    %load/vec4 v0x5651a895c0f0_0;
    %dup/vec4;
    %pushi/vec4 0, 0, 2;
    %cmp/u;
    %jmp/1 T_2.11, 6;
    %dup/vec4;
    %pushi/vec4 1, 0, 2;
    %cmp/u;
    %jmp/1 T_2.12, 6;
    %dup/vec4;
    %pushi/vec4 2, 0, 2;
    %cmp/u;
    %jmp/1 T_2.13, 6;
    %dup/vec4;
    %pushi/vec4 3, 0, 2;
    %cmp/u;
    %jmp/1 T_2.14, 6;
    %pushi/vec4 0, 0, 32;
    %store/vec4 v0x5651a895c010_0, 0, 32;
    %jmp T_2.16;
T_2.11 ;
    %load/vec4 v0x5651a895bee0_0;
    %ix/load 5, 1, 0;
    %flag_set/imm 4, 0;
    %shiftl 5;
    %pad/u 6;
    %ix/vec4 4;
    %load/vec4a v0x5651a88dae50, 4;
    %parti/s 32, 0, 2;
    %store/vec4 v0x5651a895c010_0, 0, 32;
    %jmp T_2.16;
T_2.12 ;
    %load/vec4 v0x5651a895bee0_0;
    %ix/load 5, 1, 0;
    %flag_set/imm 4, 0;
    %shiftl 5;
    %pad/u 6;
    %ix/vec4 4;
    %load/vec4a v0x5651a88dae50, 4;
    %parti/s 32, 32, 7;
    %store/vec4 v0x5651a895c010_0, 0, 32;
    %jmp T_2.16;
T_2.13 ;
    %load/vec4 v0x5651a895bee0_0;
    %ix/load 5, 1, 0;
    %flag_set/imm 4, 0;
    %shiftl 5;
    %pad/u 6;
    %ix/vec4 4;
    %load/vec4a v0x5651a88dae50, 4;
    %parti/s 32, 64, 8;
    %store/vec4 v0x5651a895c010_0, 0, 32;
    %jmp T_2.16;
T_2.14 ;
    %load/vec4 v0x5651a895bee0_0;
    %ix/load 5, 1, 0;
    %flag_set/imm 4, 0;
    %shiftl 5;
    %pad/u 6;
    %ix/vec4 4;
    %load/vec4a v0x5651a88dae50, 4;
    %parti/s 32, 96, 8;
    %store/vec4 v0x5651a895c010_0, 0, 32;
    %jmp T_2.16;
T_2.16 ;
    %pop/vec4 1;
    %load/vec4 v0x5651a895bee0_0;
    %ix/load 5, 1, 0;
    %flag_set/imm 4, 0;
    %shiftl 5;
    %pad/u 6;
    %ix/vec4 4;
    %load/vec4a v0x5651a895ba80, 4;
    %parti/s 1, 27, 6;
    %cmpi/e 1, 0, 1;
    %jmp/0xz  T_2.17, 4;
    %pushi/vec4 0, 0, 1;
    %load/vec4 v0x5651a895bee0_0;
    %ix/load 5, 1, 0;
    %flag_set/imm 4, 0;
    %shiftl 5;
    %pad/u 6;
    %ix/vec4 4;
    %flag_mov 8, 4;
    %ix/load 5, 27, 0;
    %flag_set/imm 4, 0;
    %flag_or 4, 8;
    %store/vec4a v0x5651a895ba80, 4, 5;
    %pushi/vec4 1, 0, 1;
    %load/vec4 v0x5651a895bee0_0;
    %pad/u 32;
    %ix/load 5, 1, 0;
    %flag_set/imm 4, 0;
    %shiftl 5;
    %addi 1, 0, 32;
    %ix/vec4 4;
    %flag_mov 8, 4;
    %ix/load 5, 27, 0;
    %flag_set/imm 4, 0;
    %flag_or 4, 8;
    %store/vec4a v0x5651a895ba80, 4, 5;
    %jmp T_2.18;
T_2.17 ;
    %pushi/vec4 0, 0, 1;
    %load/vec4 v0x5651a895bee0_0;
    %ix/load 5, 1, 0;
    %flag_set/imm 4, 0;
    %shiftl 5;
    %pad/u 6;
    %ix/vec4 4;
    %flag_mov 8, 4;
    %ix/load 5, 27, 0;
    %flag_set/imm 4, 0;
    %flag_or 4, 8;
    %store/vec4a v0x5651a895ba80, 4, 5;
    %pushi/vec4 1, 0, 1;
    %load/vec4 v0x5651a895bee0_0;
    %pad/u 32;
    %ix/load 5, 1, 0;
    %flag_set/imm 4, 0;
    %shiftl 5;
    %addi 1, 0, 32;
    %ix/vec4 4;
    %flag_mov 8, 4;
    %ix/load 5, 27, 0;
    %flag_set/imm 4, 0;
    %flag_or 4, 8;
    %store/vec4a v0x5651a895ba80, 4, 5;
T_2.18 ;
    %jmp T_2.10;
T_2.9 ;
    %load/vec4 v0x5651a895c0f0_0;
    %dup/vec4;
    %pushi/vec4 0, 0, 2;
    %cmp/u;
    %jmp/1 T_2.19, 6;
    %dup/vec4;
    %pushi/vec4 1, 0, 2;
    %cmp/u;
    %jmp/1 T_2.20, 6;
    %dup/vec4;
    %pushi/vec4 2, 0, 2;
    %cmp/u;
    %jmp/1 T_2.21, 6;
    %dup/vec4;
    %pushi/vec4 3, 0, 2;
    %cmp/u;
    %jmp/1 T_2.22, 6;
    %pushi/vec4 0, 0, 32;
    %store/vec4 v0x5651a895c010_0, 0, 32;
    %jmp T_2.24;
T_2.19 ;
    %load/vec4 v0x5651a895bee0_0;
    %pad/u 32;
    %ix/load 5, 1, 0;
    %flag_set/imm 4, 0;
    %shiftl 5;
    %addi 1, 0, 32;
    %ix/vec4 4;
    %load/vec4a v0x5651a88dae50, 4;
    %parti/s 32, 0, 2;
    %store/vec4 v0x5651a895c010_0, 0, 32;
    %jmp T_2.24;
T_2.20 ;
    %load/vec4 v0x5651a895bee0_0;
    %pad/u 32;
    %ix/load 5, 1, 0;
    %flag_set/imm 4, 0;
    %shiftl 5;
    %addi 1, 0, 32;
    %ix/vec4 4;
    %load/vec4a v0x5651a88dae50, 4;
    %parti/s 32, 32, 7;
    %store/vec4 v0x5651a895c010_0, 0, 32;
    %jmp T_2.24;
T_2.21 ;
    %load/vec4 v0x5651a895bee0_0;
    %pad/u 32;
    %ix/load 5, 1, 0;
    %flag_set/imm 4, 0;
    %shiftl 5;
    %addi 1, 0, 32;
    %ix/vec4 4;
    %load/vec4a v0x5651a88dae50, 4;
    %parti/s 32, 64, 8;
    %store/vec4 v0x5651a895c010_0, 0, 32;
    %jmp T_2.24;
T_2.22 ;
    %load/vec4 v0x5651a895bee0_0;
    %pad/u 32;
    %ix/load 5, 1, 0;
    %flag_set/imm 4, 0;
    %shiftl 5;
    %addi 1, 0, 32;
    %ix/vec4 4;
    %load/vec4a v0x5651a88dae50, 4;
    %parti/s 32, 96, 8;
    %store/vec4 v0x5651a895c010_0, 0, 32;
    %jmp T_2.24;
T_2.24 ;
    %pop/vec4 1;
    %load/vec4 v0x5651a895bee0_0;
    %pad/u 32;
    %ix/load 5, 1, 0;
    %flag_set/imm 4, 0;
    %shiftl 5;
    %addi 1, 0, 32;
    %ix/vec4 4;
    %load/vec4a v0x5651a895ba80, 4;
    %parti/s 1, 27, 6;
    %cmpi/e 1, 0, 1;
    %jmp/0xz  T_2.25, 4;
    %pushi/vec4 0, 0, 1;
    %load/vec4 v0x5651a895bee0_0;
    %pad/u 32;
    %ix/load 5, 1, 0;
    %flag_set/imm 4, 0;
    %shiftl 5;
    %addi 1, 0, 32;
    %ix/vec4 4;
    %flag_mov 8, 4;
    %ix/load 5, 27, 0;
    %flag_set/imm 4, 0;
    %flag_or 4, 8;
    %store/vec4a v0x5651a895ba80, 4, 5;
    %pushi/vec4 1, 0, 1;
    %load/vec4 v0x5651a895bee0_0;
    %ix/load 5, 1, 0;
    %flag_set/imm 4, 0;
    %shiftl 5;
    %pad/u 6;
    %ix/vec4 4;
    %flag_mov 8, 4;
    %ix/load 5, 27, 0;
    %flag_set/imm 4, 0;
    %flag_or 4, 8;
    %store/vec4a v0x5651a895ba80, 4, 5;
    %jmp T_2.26;
T_2.25 ;
    %pushi/vec4 0, 0, 1;
    %load/vec4 v0x5651a895bee0_0;
    %pad/u 32;
    %ix/load 5, 1, 0;
    %flag_set/imm 4, 0;
    %shiftl 5;
    %addi 1, 0, 32;
    %ix/vec4 4;
    %flag_mov 8, 4;
    %ix/load 5, 27, 0;
    %flag_set/imm 4, 0;
    %flag_or 4, 8;
    %store/vec4a v0x5651a895ba80, 4, 5;
    %pushi/vec4 1, 0, 1;
    %load/vec4 v0x5651a895bee0_0;
    %ix/load 5, 1, 0;
    %flag_set/imm 4, 0;
    %shiftl 5;
    %pad/u 6;
    %ix/vec4 4;
    %flag_mov 8, 4;
    %ix/load 5, 27, 0;
    %flag_set/imm 4, 0;
    %flag_or 4, 8;
    %store/vec4a v0x5651a895ba80, 4, 5;
T_2.26 ;
T_2.10 ;
    %jmp T_2.8;
T_2.7 ;
    %load/vec4 v0x5651a895bee0_0;
    %pad/u 32;
    %ix/load 5, 1, 0;
    %flag_set/imm 4, 0;
    %shiftl 5;
    %addi 1, 0, 32;
    %ix/vec4 4;
    %load/vec4a v0x5651a895ba80, 4;
    %parti/s 1, 27, 6;
    %load/vec4 v0x5651a895bee0_0;
    %ix/load 5, 1, 0;
    %flag_set/imm 4, 0;
    %shiftl 5;
    %pad/u 6;
    %ix/vec4 4;
    %load/vec4a v0x5651a895ba80, 4;
    %parti/s 1, 27, 6;
    %concat/vec4; draw_concat_vec4
    %dup/vec4;
    %pushi/vec4 0, 0, 2;
    %cmp/u;
    %jmp/1 T_2.27, 6;
    %dup/vec4;
    %pushi/vec4 1, 0, 2;
    %cmp/u;
    %jmp/1 T_2.28, 6;
    %dup/vec4;
    %pushi/vec4 2, 0, 2;
    %cmp/u;
    %jmp/1 T_2.29, 6;
    %pushi/vec4 0, 0, 1;
    %store/vec4 v0x5651a895ef70_0, 0, 1;
    %pushi/vec4 0, 0, 1;
    %load/vec4 v0x5651a895bee0_0;
    %ix/load 5, 1, 0;
    %flag_set/imm 4, 0;
    %shiftl 5;
    %pad/u 6;
    %ix/vec4 4;
    %flag_mov 8, 4;
    %ix/load 5, 27, 0;
    %flag_set/imm 4, 0;
    %flag_or 4, 8;
    %store/vec4a v0x5651a895ba80, 4, 5;
    %pushi/vec4 0, 0, 1;
    %load/vec4 v0x5651a895bee0_0;
    %pad/u 32;
    %ix/load 5, 1, 0;
    %flag_set/imm 4, 0;
    %shiftl 5;
    %addi 1, 0, 32;
    %ix/vec4 4;
    %flag_mov 8, 4;
    %ix/load 5, 27, 0;
    %flag_set/imm 4, 0;
    %flag_or 4, 8;
    %store/vec4a v0x5651a895ba80, 4, 5;
    %jmp T_2.31;
T_2.27 ;
    %pushi/vec4 0, 0, 1;
    %store/vec4 v0x5651a895ef70_0, 0, 1;
    %pushi/vec4 0, 0, 1;
    %load/vec4 v0x5651a895bee0_0;
    %ix/load 5, 1, 0;
    %flag_set/imm 4, 0;
    %shiftl 5;
    %pad/u 6;
    %ix/vec4 4;
    %flag_mov 8, 4;
    %ix/load 5, 27, 0;
    %flag_set/imm 4, 0;
    %flag_or 4, 8;
    %store/vec4a v0x5651a895ba80, 4, 5;
    %pushi/vec4 1, 0, 1;
    %load/vec4 v0x5651a895bee0_0;
    %pad/u 32;
    %ix/load 5, 1, 0;
    %flag_set/imm 4, 0;
    %shiftl 5;
    %addi 1, 0, 32;
    %ix/vec4 4;
    %flag_mov 8, 4;
    %ix/load 5, 27, 0;
    %flag_set/imm 4, 0;
    %flag_or 4, 8;
    %store/vec4a v0x5651a895ba80, 4, 5;
    %jmp T_2.31;
T_2.28 ;
    %pushi/vec4 0, 0, 1;
    %store/vec4 v0x5651a895ef70_0, 0, 1;
    %pushi/vec4 0, 0, 1;
    %load/vec4 v0x5651a895bee0_0;
    %ix/load 5, 1, 0;
    %flag_set/imm 4, 0;
    %shiftl 5;
    %pad/u 6;
    %ix/vec4 4;
    %flag_mov 8, 4;
    %ix/load 5, 27, 0;
    %flag_set/imm 4, 0;
    %flag_or 4, 8;
    %store/vec4a v0x5651a895ba80, 4, 5;
    %pushi/vec4 1, 0, 1;
    %load/vec4 v0x5651a895bee0_0;
    %pad/u 32;
    %ix/load 5, 1, 0;
    %flag_set/imm 4, 0;
    %shiftl 5;
    %addi 1, 0, 32;
    %ix/vec4 4;
    %flag_mov 8, 4;
    %ix/load 5, 27, 0;
    %flag_set/imm 4, 0;
    %flag_or 4, 8;
    %store/vec4a v0x5651a895ba80, 4, 5;
    %jmp T_2.31;
T_2.29 ;
    %pushi/vec4 1, 0, 1;
    %store/vec4 v0x5651a895ef70_0, 0, 1;
    %pushi/vec4 1, 0, 1;
    %load/vec4 v0x5651a895bee0_0;
    %ix/load 5, 1, 0;
    %flag_set/imm 4, 0;
    %shiftl 5;
    %pad/u 6;
    %ix/vec4 4;
    %flag_mov 8, 4;
    %ix/load 5, 27, 0;
    %flag_set/imm 4, 0;
    %flag_or 4, 8;
    %store/vec4a v0x5651a895ba80, 4, 5;
    %pushi/vec4 0, 0, 1;
    %load/vec4 v0x5651a895bee0_0;
    %pad/u 32;
    %ix/load 5, 1, 0;
    %flag_set/imm 4, 0;
    %shiftl 5;
    %addi 1, 0, 32;
    %ix/vec4 4;
    %flag_mov 8, 4;
    %ix/load 5, 27, 0;
    %flag_set/imm 4, 0;
    %flag_or 4, 8;
    %store/vec4a v0x5651a895ba80, 4, 5;
    %jmp T_2.31;
T_2.31 ;
    %pop/vec4 1;
    %pushi/vec4 2, 0, 2;
    %store/vec4 v0x5651a895edd0_0, 0, 2;
T_2.8 ;
    %jmp T_2.4;
T_2.2 ;
    %pushi/vec4 1, 0, 1;
    %store/vec4 v0x5651a895c370_0, 0, 1;
    %load/vec4 v0x5651a895ea90_0;
    %ix/load 4, 4, 0;
    %flag_set/imm 4, 0;
    %shiftr 4;
    %ix/load 4, 4, 0;
    %flag_set/imm 4, 0;
    %shiftl 4;
    %store/vec4 v0x5651a895be00_0, 0, 32;
    %load/vec4 v0x5651a895ec30_0;
    %store/vec4 v0x5651a895c430_0, 0, 128;
    %load/vec4 v0x5651a895ed10_0;
    %cmpi/e 1, 0, 1;
    %jmp/0xz  T_2.32, 4;
    %load/vec4 v0x5651a895c430_0;
    %load/vec4 v0x5651a895bee0_0;
    %ix/load 5, 1, 0;
    %flag_set/imm 4, 0;
    %shiftl 5;
    %load/vec4 v0x5651a895ef70_0;
    %pad/u 3;
    %add;
    %pad/u 6;
    %ix/vec4 4;
    %store/vec4a v0x5651a88dae50, 4, 0;
    %pushi/vec4 1, 0, 1;
    %store/vec4 v0x5651a895c1d0_0, 0, 1;
    %load/vec4 v0x5651a895c0f0_0;
    %dup/vec4;
    %pushi/vec4 0, 0, 2;
    %cmp/u;
    %jmp/1 T_2.34, 6;
    %dup/vec4;
    %pushi/vec4 1, 0, 2;
    %cmp/u;
    %jmp/1 T_2.35, 6;
    %dup/vec4;
    %pushi/vec4 2, 0, 2;
    %cmp/u;
    %jmp/1 T_2.36, 6;
    %dup/vec4;
    %pushi/vec4 3, 0, 2;
    %cmp/u;
    %jmp/1 T_2.37, 6;
    %pushi/vec4 0, 0, 32;
    %store/vec4 v0x5651a895c010_0, 0, 32;
    %jmp T_2.39;
T_2.34 ;
    %load/vec4 v0x5651a895bee0_0;
    %ix/load 5, 1, 0;
    %flag_set/imm 4, 0;
    %shiftl 5;
    %load/vec4 v0x5651a895ef70_0;
    %pad/u 3;
    %add;
    %pad/u 6;
    %ix/vec4 4;
    %load/vec4a v0x5651a88dae50, 4;
    %parti/s 32, 0, 2;
    %store/vec4 v0x5651a895c010_0, 0, 32;
    %jmp T_2.39;
T_2.35 ;
    %load/vec4 v0x5651a895bee0_0;
    %ix/load 5, 1, 0;
    %flag_set/imm 4, 0;
    %shiftl 5;
    %load/vec4 v0x5651a895ef70_0;
    %pad/u 3;
    %add;
    %pad/u 6;
    %ix/vec4 4;
    %load/vec4a v0x5651a88dae50, 4;
    %parti/s 32, 32, 7;
    %store/vec4 v0x5651a895c010_0, 0, 32;
    %jmp T_2.39;
T_2.36 ;
    %load/vec4 v0x5651a895bee0_0;
    %ix/load 5, 1, 0;
    %flag_set/imm 4, 0;
    %shiftl 5;
    %load/vec4 v0x5651a895ef70_0;
    %pad/u 3;
    %add;
    %pad/u 6;
    %ix/vec4 4;
    %load/vec4a v0x5651a88dae50, 4;
    %parti/s 32, 64, 8;
    %store/vec4 v0x5651a895c010_0, 0, 32;
    %jmp T_2.39;
T_2.37 ;
    %load/vec4 v0x5651a895bee0_0;
    %ix/load 5, 1, 0;
    %flag_set/imm 4, 0;
    %shiftl 5;
    %load/vec4 v0x5651a895ef70_0;
    %pad/u 3;
    %add;
    %pad/u 6;
    %ix/vec4 4;
    %load/vec4a v0x5651a88dae50, 4;
    %parti/s 32, 96, 8;
    %store/vec4 v0x5651a895c010_0, 0, 32;
    %jmp T_2.39;
T_2.39 ;
    %pop/vec4 1;
    %pushi/vec4 0, 0, 2;
    %store/vec4 v0x5651a895edd0_0, 0, 2;
    %jmp T_2.33;
T_2.32 ;
    %pushi/vec4 0, 0, 1;
    %store/vec4 v0x5651a895c1d0_0, 0, 1;
    %pushi/vec4 2, 0, 2;
    %store/vec4 v0x5651a895edd0_0, 0, 2;
T_2.33 ;
    %jmp T_2.4;
T_2.4 ;
    %pop/vec4 1;
    %jmp T_2;
    .thread T_2, $push;
# The file index is used to find the file name in the following table.
:file_names 3;
    "N/A";
    "<interactive>";
    "/home/shikye/design_r/rtl/Icache.v";
