#! /usr/local/bin/vvp
:ivl_version "11.0 (stable)" "(v11_0-130-gaf2b95276)";
:ivl_delay_selection "TYPICAL";
:vpi_time_precision + 0;
:vpi_module "/usr/local/lib/ivl/system.vpi";
:vpi_module "/usr/local/lib/ivl/vhdl_sys.vpi";
:vpi_module "/usr/local/lib/ivl/vhdl_textio.vpi";
:vpi_module "/usr/local/lib/ivl/v2005_math.vpi";
:vpi_module "/usr/local/lib/ivl/va_math.vpi";
S_0x55931e176d80 .scope module, "ICache" "ICache" 2 16;
 .timescale 0 0;
    .port_info 0 /INPUT 1 "clk";
    .port_info 1 /INPUT 1 "rst_n";
    .port_info 2 /INPUT 32 "if_pc_i";
    .port_info 3 /INPUT 1 "if_valid_req_i";
    .port_info 4 /OUTPUT 1 "Icache_ready_o";
    .port_info 5 /OUTPUT 32 "Icache_inst_o";
    .port_info 6 /OUTPUT 1 "Icache_pipe_stall_o";
    .port_info 7 /OUTPUT 1 "hit";
    .port_info 8 /OUTPUT 32 "Icache_addr_o";
    .port_info 9 /OUTPUT 1 "Icache_valid_req_o";
    .port_info 10 /INPUT 1 "mem_ready_i";
    .port_info 11 /INPUT 128 "mem_data_i";
P_0x55931e176f10 .param/l "Idle_or_Compare_Tag" 1 2 42, +C4<00000000000000000000000000000000>;
P_0x55931e176f50 .param/l "Read_from_Mem" 1 2 43, +C4<00000000000000000000000000000001>;
P_0x55931e176f90 .param/l "Replace" 1 2 53, +C4<00000000000000000000000000011001>;
P_0x55931e176fd0 .param/l "Tag_Width" 1 2 51, +C4<000000000000000000000000000011000>;
P_0x55931e177010 .param/l "Valid" 1 2 52, +C4<00000000000000000000000000011010>;
L_0x7f9cbebbb1c8 .functor BUFT 1, C4<1>, C4<0>, C4<0>, C4<0>;
L_0x55931e1fec40 .functor XNOR 1, L_0x55931e1ff220, L_0x7f9cbebbb1c8, C4<0>, C4<0>;
L_0x55931e1b09e0 .functor AND 1, L_0x55931e1feb00, L_0x55931e1fec40, C4<1>, C4<1>;
L_0x7f9cbebbb3c0 .functor BUFT 1, C4<1>, C4<0>, C4<0>, C4<0>;
L_0x55931e20fab0 .functor XNOR 1, L_0x55931e210710, L_0x7f9cbebbb3c0, C4<0>, C4<0>;
L_0x55931e2108a0 .functor AND 1, L_0x55931e20fdd0, L_0x55931e20fab0, C4<1>, C4<1>;
v0x55931e1dab20 .array "ICache_Data_Block", 15 0, 127 0;
v0x55931e1dabc0 .array "ICache_Tag_Array", 15 0, 26 0;
v0x55931e1dac60_0 .net "ICache_Tag_hit", 1 0, L_0x55931e1ff450;  1 drivers
v0x55931e1f9e80_0 .var "Icache_addr_o", 31 0;
v0x55931e1f9f60_0 .net "Icache_index", 3 0, L_0x55931e1fe0b0;  1 drivers
v0x55931e1fa090_0 .var "Icache_inst_o", 31 0;
v0x55931e1fa170_0 .net "Icache_line_base", 3 0, L_0x55931e1fe390;  1 drivers
v0x55931e1fa250_0 .net "Icache_off", 1 0, L_0x55931e1fe1f0;  1 drivers
v0x55931e1fa330_0 .var "Icache_pipe_stall_o", 0 0;
v0x55931e1fa3f0_0 .var "Icache_ready_o", 0 0;
v0x55931e1fa4b0_0 .net "Icache_tag", 24 0, L_0x55931e1fdeb0;  1 drivers
v0x55931e1fa590_0 .var "Icache_valid_req_o", 0 0;
v0x55931e1fa650_0 .var "Mem_Data_Buffer_i", 127 0;
v0x55931e1fa730_0 .net *"_ivl_100", 0 0, L_0x55931e2108a0;  1 drivers
L_0x7f9cbebbb408 .functor BUFT 1, C4<00>, C4<0>, C4<0>, C4<0>;
v0x55931e1fa7f0_0 .net/2u *"_ivl_101", 1 0, L_0x7f9cbebbb408;  1 drivers
v0x55931e1fa8d0_0 .net *"_ivl_11", 2 0, L_0x55931e1fe2c0;  1 drivers
L_0x7f9cbebbb060 .functor BUFT 1, C4<0>, C4<0>, C4<0>, C4<0>;
v0x55931e1fa9b0_0 .net/2u *"_ivl_12", 0 0, L_0x7f9cbebbb060;  1 drivers
v0x55931e1faba0_0 .net *"_ivl_18", 26 0, L_0x55931e1fe4f0;  1 drivers
L_0x7f9cbebbb018 .functor BUFT 1, C4<0>, C4<0>, C4<0>, C4<0>;
v0x55931e1fac80_0 .net/2u *"_ivl_2", 0 0, L_0x7f9cbebbb018;  1 drivers
v0x55931e1fad60_0 .net *"_ivl_20", 3 0, L_0x55931e1fe700;  1 drivers
v0x55931e1fae40_0 .net *"_ivl_22", 2 0, L_0x55931e1fe590;  1 drivers
L_0x7f9cbebbb0a8 .functor BUFT 1, C4<0>, C4<0>, C4<0>, C4<0>;
v0x55931e1faf20_0 .net *"_ivl_24", 0 0, L_0x7f9cbebbb0a8;  1 drivers
v0x55931e1fb000_0 .net *"_ivl_26", 5 0, L_0x55931e1fe870;  1 drivers
L_0x7f9cbebbb0f0 .functor BUFT 1, C4<00>, C4<0>, C4<0>, C4<0>;
v0x55931e1fb0e0_0 .net *"_ivl_29", 1 0, L_0x7f9cbebbb0f0;  1 drivers
v0x55931e1fb1c0_0 .net *"_ivl_31", 24 0, L_0x55931e1fea10;  1 drivers
v0x55931e1fb2a0_0 .net *"_ivl_32", 0 0, L_0x55931e1feb00;  1 drivers
v0x55931e1fb360_0 .net *"_ivl_34", 26 0, L_0x55931e1fecb0;  1 drivers
v0x55931e1fb440_0 .net *"_ivl_36", 3 0, L_0x55931e1feec0;  1 drivers
v0x55931e1fb520_0 .net *"_ivl_38", 2 0, L_0x55931e1fed50;  1 drivers
L_0x7f9cbebbb138 .functor BUFT 1, C4<0>, C4<0>, C4<0>, C4<0>;
v0x55931e1fb600_0 .net *"_ivl_40", 0 0, L_0x7f9cbebbb138;  1 drivers
v0x55931e1fb6e0_0 .net *"_ivl_42", 5 0, L_0x55931e1ff000;  1 drivers
L_0x7f9cbebbb180 .functor BUFT 1, C4<00>, C4<0>, C4<0>, C4<0>;
v0x55931e1fb7c0_0 .net *"_ivl_45", 1 0, L_0x7f9cbebbb180;  1 drivers
v0x55931e1fb8a0_0 .net *"_ivl_47", 0 0, L_0x55931e1ff220;  1 drivers
v0x55931e1fbb90_0 .net/2u *"_ivl_48", 0 0, L_0x7f9cbebbb1c8;  1 drivers
v0x55931e1fbc70_0 .net *"_ivl_5", 2 0, L_0x55931e1fdfe0;  1 drivers
v0x55931e1fbd50_0 .net *"_ivl_50", 0 0, L_0x55931e1fec40;  1 drivers
v0x55931e1fbe10_0 .net *"_ivl_53", 0 0, L_0x55931e1b09e0;  1 drivers
v0x55931e1fbed0_0 .net *"_ivl_57", 26 0, L_0x55931e1ff5e0;  1 drivers
v0x55931e1fbfb0_0 .net *"_ivl_59", 31 0, L_0x55931e1ff680;  1 drivers
L_0x7f9cbebbb210 .functor BUFT 1, C4<0000000000000000000000000000>, C4<0>, C4<0>, C4<0>;
v0x55931e1fc090_0 .net *"_ivl_62", 27 0, L_0x7f9cbebbb210;  1 drivers
v0x55931e1fc170_0 .net *"_ivl_63", 31 0, L_0x55931e20f830;  1 drivers
v0x55931e1fc250_0 .net *"_ivl_65", 30 0, L_0x55931e1ff540;  1 drivers
L_0x7f9cbebbb258 .functor BUFT 1, C4<0>, C4<0>, C4<0>, C4<0>;
v0x55931e1fc330_0 .net *"_ivl_67", 0 0, L_0x7f9cbebbb258;  1 drivers
L_0x7f9cbebbb2a0 .functor BUFT 1, C4<00000000000000000000000000000001>, C4<0>, C4<0>, C4<0>;
v0x55931e1fc410_0 .net/2u *"_ivl_69", 31 0, L_0x7f9cbebbb2a0;  1 drivers
v0x55931e1fc4f0_0 .net *"_ivl_71", 31 0, L_0x55931e20fa10;  1 drivers
v0x55931e1fc5d0_0 .net *"_ivl_74", 24 0, L_0x55931e20fc10;  1 drivers
v0x55931e1fc6b0_0 .net *"_ivl_75", 0 0, L_0x55931e20fdd0;  1 drivers
v0x55931e1fc770_0 .net *"_ivl_77", 26 0, L_0x55931e20fec0;  1 drivers
v0x55931e1fc850_0 .net *"_ivl_79", 31 0, L_0x55931e210040;  1 drivers
L_0x7f9cbebbb2e8 .functor BUFT 1, C4<0000000000000000000000000000>, C4<0>, C4<0>, C4<0>;
v0x55931e1fc930_0 .net *"_ivl_82", 27 0, L_0x7f9cbebbb2e8;  1 drivers
v0x55931e1fca10_0 .net *"_ivl_83", 31 0, L_0x55931e210310;  1 drivers
v0x55931e1fcaf0_0 .net *"_ivl_85", 30 0, L_0x55931e210130;  1 drivers
L_0x7f9cbebbb330 .functor BUFT 1, C4<0>, C4<0>, C4<0>, C4<0>;
v0x55931e1fcbd0_0 .net *"_ivl_87", 0 0, L_0x7f9cbebbb330;  1 drivers
L_0x7f9cbebbb378 .functor BUFT 1, C4<00000000000000000000000000000001>, C4<0>, C4<0>, C4<0>;
v0x55931e1fccb0_0 .net/2u *"_ivl_89", 31 0, L_0x7f9cbebbb378;  1 drivers
v0x55931e1fcd90_0 .net *"_ivl_91", 31 0, L_0x55931e210480;  1 drivers
v0x55931e1fce70_0 .net *"_ivl_94", 0 0, L_0x55931e210710;  1 drivers
v0x55931e1fcf50_0 .net/2u *"_ivl_95", 0 0, L_0x7f9cbebbb3c0;  1 drivers
v0x55931e1fd030_0 .net *"_ivl_97", 0 0, L_0x55931e20fab0;  1 drivers
o0x7f9cbec04a98 .functor BUFZ 1, C4<z>; HiZ drive
v0x55931e1fd0f0_0 .net "clk", 0 0, o0x7f9cbec04a98;  0 drivers
v0x55931e1fd1b0_0 .var "cur_state", 0 0;
v0x55931e1fd270_0 .net "hit", 0 0, L_0x55931e210a30;  1 drivers
o0x7f9cbec04b28 .functor BUFZ 32, C4<zzzzzzzzzzzzzzzzzzzzzzzzzzzzzzzz>; HiZ drive
v0x55931e1fd330_0 .net "if_pc_i", 31 0, o0x7f9cbec04b28;  0 drivers
o0x7f9cbec04b58 .functor BUFZ 1, C4<z>; HiZ drive
v0x55931e1fd410_0 .net "if_valid_req_i", 0 0, o0x7f9cbec04b58;  0 drivers
o0x7f9cbec04b88 .functor BUFZ 128, C4<zzzzzzzzzzzzzzzzzzzzzzzzzzzzzzzzzzzzzzzzzzzzzzzzzzzzzzzzzzzzzzzzzzzzzzzzzzzzzzzzzzzzzzzzzzzzzzzzzzzzzzzzzzzzzzzzzzzzzzzzzzzzzzzz>; HiZ drive
v0x55931e1fd4d0_0 .net "mem_data_i", 127 0, o0x7f9cbec04b88;  0 drivers
o0x7f9cbec04bb8 .functor BUFZ 1, C4<z>; HiZ drive
v0x55931e1fd5b0_0 .net "mem_ready_i", 0 0, o0x7f9cbec04bb8;  0 drivers
v0x55931e1fda80_0 .var "next_state", 0 0;
o0x7f9cbec04c18 .functor BUFZ 1, C4<z>; HiZ drive
v0x55931e1fdb40_0 .net "rst_n", 0 0, o0x7f9cbec04c18;  0 drivers
v0x55931e1fdc00_0 .var "victim_number", 0 0;
E_0x55931e1773a0 .event edge, v0x55931e1fd5b0_0, v0x55931e1fd410_0, v0x55931e1f9f60_0, v0x55931e1fd1b0_0;
E_0x55931e1b6070/0 .event negedge, v0x55931e1fdb40_0;
E_0x55931e1b6070/1 .event posedge, v0x55931e1fd0f0_0;
E_0x55931e1b6070 .event/or E_0x55931e1b6070/0, E_0x55931e1b6070/1;
E_0x55931e199e30 .event edge, v0x55931e1fdb40_0;
L_0x55931e1fdeb0 .part o0x7f9cbec04b28, 7, 25;
L_0x55931e1fdfe0 .part o0x7f9cbec04b28, 4, 3;
L_0x55931e1fe0b0 .concat [ 3 1 0 0], L_0x55931e1fdfe0, L_0x7f9cbebbb018;
L_0x55931e1fe1f0 .part o0x7f9cbec04b28, 2, 2;
L_0x55931e1fe2c0 .part o0x7f9cbec04b28, 4, 3;
L_0x55931e1fe390 .concat [ 1 3 0 0], L_0x7f9cbebbb060, L_0x55931e1fe2c0;
L_0x55931e1fe4f0 .array/port v0x55931e1dabc0, L_0x55931e1fe870;
L_0x55931e1fe590 .part L_0x55931e1fe0b0, 0, 3;
L_0x55931e1fe700 .concat [ 1 3 0 0], L_0x7f9cbebbb0a8, L_0x55931e1fe590;
L_0x55931e1fe870 .concat [ 4 2 0 0], L_0x55931e1fe700, L_0x7f9cbebbb0f0;
L_0x55931e1fea10 .part L_0x55931e1fe4f0, 0, 25;
L_0x55931e1feb00 .cmp/eq 25, L_0x55931e1fdeb0, L_0x55931e1fea10;
L_0x55931e1fecb0 .array/port v0x55931e1dabc0, L_0x55931e1ff000;
L_0x55931e1fed50 .part L_0x55931e1fe0b0, 0, 3;
L_0x55931e1feec0 .concat [ 1 3 0 0], L_0x7f9cbebbb138, L_0x55931e1fed50;
L_0x55931e1ff000 .concat [ 4 2 0 0], L_0x55931e1feec0, L_0x7f9cbebbb180;
L_0x55931e1ff220 .part L_0x55931e1fecb0, 26, 1;
L_0x55931e1ff450 .concat8 [ 1 1 0 0], L_0x55931e1b09e0, L_0x55931e2108a0;
L_0x55931e1ff5e0 .array/port v0x55931e1dabc0, L_0x55931e20fa10;
L_0x55931e1ff680 .concat [ 4 28 0 0], L_0x55931e1fe0b0, L_0x7f9cbebbb210;
L_0x55931e1ff540 .part L_0x55931e1ff680, 0, 31;
L_0x55931e20f830 .concat [ 1 31 0 0], L_0x7f9cbebbb258, L_0x55931e1ff540;
L_0x55931e20fa10 .arith/sum 32, L_0x55931e20f830, L_0x7f9cbebbb2a0;
L_0x55931e20fc10 .part L_0x55931e1ff5e0, 0, 25;
L_0x55931e20fdd0 .cmp/eq 25, L_0x55931e1fdeb0, L_0x55931e20fc10;
L_0x55931e20fec0 .array/port v0x55931e1dabc0, L_0x55931e210480;
L_0x55931e210040 .concat [ 4 28 0 0], L_0x55931e1fe0b0, L_0x7f9cbebbb2e8;
L_0x55931e210130 .part L_0x55931e210040, 0, 31;
L_0x55931e210310 .concat [ 1 31 0 0], L_0x7f9cbebbb330, L_0x55931e210130;
L_0x55931e210480 .arith/sum 32, L_0x55931e210310, L_0x7f9cbebbb378;
L_0x55931e210710 .part L_0x55931e20fec0, 26, 1;
L_0x55931e210a30 .cmp/ne 2, L_0x55931e1ff450, L_0x7f9cbebbb408;
    .scope S_0x55931e176d80;
T_0 ;
    %wait E_0x55931e199e30;
    %load/vec4 v0x55931e1fdb40_0;
    %cmpi/e 0, 0, 1;
    %jmp/0xz  T_0.0, 4;
    %pushi/vec4 0, 0, 27;
    %ix/load 4, 0, 0;
    %flag_set/imm 4, 0;
    %store/vec4a v0x55931e1dabc0, 4, 0;
    %pushi/vec4 0, 0, 27;
    %ix/load 4, 1, 0;
    %flag_set/imm 4, 0;
    %store/vec4a v0x55931e1dabc0, 4, 0;
    %pushi/vec4 0, 0, 27;
    %ix/load 4, 2, 0;
    %flag_set/imm 4, 0;
    %store/vec4a v0x55931e1dabc0, 4, 0;
    %pushi/vec4 0, 0, 27;
    %ix/load 4, 3, 0;
    %flag_set/imm 4, 0;
    %store/vec4a v0x55931e1dabc0, 4, 0;
    %pushi/vec4 0, 0, 27;
    %ix/load 4, 4, 0;
    %flag_set/imm 4, 0;
    %store/vec4a v0x55931e1dabc0, 4, 0;
    %pushi/vec4 0, 0, 27;
    %ix/load 4, 5, 0;
    %flag_set/imm 4, 0;
    %store/vec4a v0x55931e1dabc0, 4, 0;
    %pushi/vec4 0, 0, 27;
    %ix/load 4, 6, 0;
    %flag_set/imm 4, 0;
    %store/vec4a v0x55931e1dabc0, 4, 0;
    %pushi/vec4 0, 0, 27;
    %ix/load 4, 7, 0;
    %flag_set/imm 4, 0;
    %store/vec4a v0x55931e1dabc0, 4, 0;
    %pushi/vec4 0, 0, 27;
    %ix/load 4, 8, 0;
    %flag_set/imm 4, 0;
    %store/vec4a v0x55931e1dabc0, 4, 0;
    %pushi/vec4 0, 0, 27;
    %ix/load 4, 9, 0;
    %flag_set/imm 4, 0;
    %store/vec4a v0x55931e1dabc0, 4, 0;
    %pushi/vec4 0, 0, 27;
    %ix/load 4, 10, 0;
    %flag_set/imm 4, 0;
    %store/vec4a v0x55931e1dabc0, 4, 0;
    %pushi/vec4 0, 0, 27;
    %ix/load 4, 11, 0;
    %flag_set/imm 4, 0;
    %store/vec4a v0x55931e1dabc0, 4, 0;
    %pushi/vec4 0, 0, 27;
    %ix/load 4, 12, 0;
    %flag_set/imm 4, 0;
    %store/vec4a v0x55931e1dabc0, 4, 0;
    %pushi/vec4 0, 0, 27;
    %ix/load 4, 13, 0;
    %flag_set/imm 4, 0;
    %store/vec4a v0x55931e1dabc0, 4, 0;
    %pushi/vec4 0, 0, 27;
    %ix/load 4, 14, 0;
    %flag_set/imm 4, 0;
    %store/vec4a v0x55931e1dabc0, 4, 0;
    %pushi/vec4 0, 0, 27;
    %ix/load 4, 15, 0;
    %flag_set/imm 4, 0;
    %store/vec4a v0x55931e1dabc0, 4, 0;
T_0.0 ;
    %jmp T_0;
    .thread T_0, $push;
    .scope S_0x55931e176d80;
T_1 ;
    %wait E_0x55931e1b6070;
    %load/vec4 v0x55931e1fdb40_0;
    %cmpi/e 0, 0, 1;
    %jmp/0xz  T_1.0, 4;
    %pushi/vec4 0, 0, 1;
    %assign/vec4 v0x55931e1fd1b0_0, 0;
    %pushi/vec4 0, 0, 1;
    %assign/vec4 v0x55931e1fda80_0, 0;
    %jmp T_1.1;
T_1.0 ;
    %load/vec4 v0x55931e1fda80_0;
    %assign/vec4 v0x55931e1fd1b0_0, 0;
T_1.1 ;
    %jmp T_1;
    .thread T_1;
    .scope S_0x55931e176d80;
T_2 ;
    %wait E_0x55931e1773a0;
    %pushi/vec4 0, 0, 1;
    %store/vec4 v0x55931e1fa3f0_0, 0, 1;
    %pushi/vec4 0, 0, 32;
    %store/vec4 v0x55931e1fa090_0, 0, 32;
    %pushi/vec4 0, 0, 1;
    %store/vec4 v0x55931e1fa330_0, 0, 1;
    %pushi/vec4 0, 0, 32;
    %store/vec4 v0x55931e1f9e80_0, 0, 32;
    %pushi/vec4 0, 0, 1;
    %store/vec4 v0x55931e1fa590_0, 0, 1;
    %load/vec4 v0x55931e1fd1b0_0;
    %dup/vec4;
    %pushi/vec4 0, 0, 1;
    %cmp/u;
    %jmp/1 T_2.0, 6;
    %dup/vec4;
    %pushi/vec4 1, 0, 1;
    %cmp/u;
    %jmp/1 T_2.1, 6;
    %pushi/vec4 0, 0, 1;
    %store/vec4 v0x55931e1fda80_0, 0, 1;
    %load/vec4 v0x55931e1fdc00_0;
    %store/vec4 v0x55931e1fdc00_0, 0, 1;
    %jmp T_2.3;
T_2.0 ;
    %load/vec4 v0x55931e1fd410_0;
    %cmpi/e 1, 0, 1;
    %jmp/0xz  T_2.4, 4;
    %load/vec4 v0x55931e1fd270_0;
    %store/vec4 v0x55931e1fa3f0_0, 0, 1;
    %load/vec4 v0x55931e1fa3f0_0;
    %cmpi/e 1, 0, 1;
    %jmp/0xz  T_2.6, 4;
    %load/vec4 v0x55931e1fdc00_0;
    %store/vec4 v0x55931e1fdc00_0, 0, 1;
    %load/vec4 v0x55931e1dac60_0;
    %parti/s 1, 0, 2;
    %cmpi/e 1, 0, 1;
    %jmp/0xz  T_2.8, 4;
    %load/vec4 v0x55931e1fa250_0;
    %dup/vec4;
    %pushi/vec4 0, 0, 2;
    %cmp/u;
    %jmp/1 T_2.10, 6;
    %dup/vec4;
    %pushi/vec4 1, 0, 2;
    %cmp/u;
    %jmp/1 T_2.11, 6;
    %dup/vec4;
    %pushi/vec4 2, 0, 2;
    %cmp/u;
    %jmp/1 T_2.12, 6;
    %dup/vec4;
    %pushi/vec4 3, 0, 2;
    %cmp/u;
    %jmp/1 T_2.13, 6;
    %pushi/vec4 0, 0, 32;
    %store/vec4 v0x55931e1fa090_0, 0, 32;
    %jmp T_2.15;
T_2.10 ;
    %load/vec4 v0x55931e1f9f60_0;
    %ix/load 5, 1, 0;
    %flag_set/imm 4, 0;
    %shiftl 5;
    %pad/u 6;
    %ix/vec4 4;
    %load/vec4a v0x55931e1dab20, 4;
    %parti/s 32, 0, 2;
    %store/vec4 v0x55931e1fa090_0, 0, 32;
    %jmp T_2.15;
T_2.11 ;
    %load/vec4 v0x55931e1f9f60_0;
    %ix/load 5, 1, 0;
    %flag_set/imm 4, 0;
    %shiftl 5;
    %pad/u 6;
    %ix/vec4 4;
    %load/vec4a v0x55931e1dab20, 4;
    %parti/s 32, 32, 7;
    %store/vec4 v0x55931e1fa090_0, 0, 32;
    %jmp T_2.15;
T_2.12 ;
    %load/vec4 v0x55931e1f9f60_0;
    %ix/load 5, 1, 0;
    %flag_set/imm 4, 0;
    %shiftl 5;
    %pad/u 6;
    %ix/vec4 4;
    %load/vec4a v0x55931e1dab20, 4;
    %parti/s 32, 64, 8;
    %store/vec4 v0x55931e1fa090_0, 0, 32;
    %jmp T_2.15;
T_2.13 ;
    %load/vec4 v0x55931e1f9f60_0;
    %ix/load 5, 1, 0;
    %flag_set/imm 4, 0;
    %shiftl 5;
    %pad/u 6;
    %ix/vec4 4;
    %load/vec4a v0x55931e1dab20, 4;
    %parti/s 32, 96, 8;
    %store/vec4 v0x55931e1fa090_0, 0, 32;
    %jmp T_2.15;
T_2.15 ;
    %pop/vec4 1;
    %load/vec4 v0x55931e1f9f60_0;
    %ix/load 5, 1, 0;
    %flag_set/imm 4, 0;
    %shiftl 5;
    %pad/u 6;
    %ix/vec4 4;
    %load/vec4a v0x55931e1dabc0, 4;
    %parti/s 1, 25, 6;
    %cmpi/e 1, 0, 1;
    %jmp/0xz  T_2.16, 4;
    %pushi/vec4 0, 0, 1;
    %load/vec4 v0x55931e1f9f60_0;
    %ix/load 5, 1, 0;
    %flag_set/imm 4, 0;
    %shiftl 5;
    %pad/u 6;
    %ix/vec4 4;
    %flag_mov 8, 4;
    %ix/load 5, 25, 0;
    %flag_set/imm 4, 0;
    %flag_or 4, 8;
    %store/vec4a v0x55931e1dabc0, 4, 5;
    %pushi/vec4 1, 0, 1;
    %load/vec4 v0x55931e1f9f60_0;
    %pad/u 32;
    %ix/load 5, 1, 0;
    %flag_set/imm 4, 0;
    %shiftl 5;
    %addi 1, 0, 32;
    %ix/vec4 4;
    %flag_mov 8, 4;
    %ix/load 5, 25, 0;
    %flag_set/imm 4, 0;
    %flag_or 4, 8;
    %store/vec4a v0x55931e1dabc0, 4, 5;
    %jmp T_2.17;
T_2.16 ;
    %pushi/vec4 0, 0, 1;
    %load/vec4 v0x55931e1f9f60_0;
    %ix/load 5, 1, 0;
    %flag_set/imm 4, 0;
    %shiftl 5;
    %pad/u 6;
    %ix/vec4 4;
    %flag_mov 8, 4;
    %ix/load 5, 25, 0;
    %flag_set/imm 4, 0;
    %flag_or 4, 8;
    %store/vec4a v0x55931e1dabc0, 4, 5;
    %pushi/vec4 1, 0, 1;
    %load/vec4 v0x55931e1f9f60_0;
    %pad/u 32;
    %ix/load 5, 1, 0;
    %flag_set/imm 4, 0;
    %shiftl 5;
    %addi 1, 0, 32;
    %ix/vec4 4;
    %flag_mov 8, 4;
    %ix/load 5, 25, 0;
    %flag_set/imm 4, 0;
    %flag_or 4, 8;
    %store/vec4a v0x55931e1dabc0, 4, 5;
T_2.17 ;
    %jmp T_2.9;
T_2.8 ;
    %load/vec4 v0x55931e1fa250_0;
    %dup/vec4;
    %pushi/vec4 0, 0, 2;
    %cmp/u;
    %jmp/1 T_2.18, 6;
    %dup/vec4;
    %pushi/vec4 1, 0, 2;
    %cmp/u;
    %jmp/1 T_2.19, 6;
    %dup/vec4;
    %pushi/vec4 2, 0, 2;
    %cmp/u;
    %jmp/1 T_2.20, 6;
    %dup/vec4;
    %pushi/vec4 3, 0, 2;
    %cmp/u;
    %jmp/1 T_2.21, 6;
    %pushi/vec4 0, 0, 32;
    %store/vec4 v0x55931e1fa090_0, 0, 32;
    %jmp T_2.23;
T_2.18 ;
    %load/vec4 v0x55931e1f9f60_0;
    %pad/u 32;
    %ix/load 5, 1, 0;
    %flag_set/imm 4, 0;
    %shiftl 5;
    %addi 1, 0, 32;
    %ix/vec4 4;
    %load/vec4a v0x55931e1dab20, 4;
    %parti/s 32, 0, 2;
    %store/vec4 v0x55931e1fa090_0, 0, 32;
    %jmp T_2.23;
T_2.19 ;
    %load/vec4 v0x55931e1f9f60_0;
    %pad/u 32;
    %ix/load 5, 1, 0;
    %flag_set/imm 4, 0;
    %shiftl 5;
    %addi 1, 0, 32;
    %ix/vec4 4;
    %load/vec4a v0x55931e1dab20, 4;
    %parti/s 32, 32, 7;
    %store/vec4 v0x55931e1fa090_0, 0, 32;
    %jmp T_2.23;
T_2.20 ;
    %load/vec4 v0x55931e1f9f60_0;
    %pad/u 32;
    %ix/load 5, 1, 0;
    %flag_set/imm 4, 0;
    %shiftl 5;
    %addi 1, 0, 32;
    %ix/vec4 4;
    %load/vec4a v0x55931e1dab20, 4;
    %parti/s 32, 64, 8;
    %store/vec4 v0x55931e1fa090_0, 0, 32;
    %jmp T_2.23;
T_2.21 ;
    %load/vec4 v0x55931e1f9f60_0;
    %pad/u 32;
    %ix/load 5, 1, 0;
    %flag_set/imm 4, 0;
    %shiftl 5;
    %addi 1, 0, 32;
    %ix/vec4 4;
    %load/vec4a v0x55931e1dab20, 4;
    %parti/s 32, 96, 8;
    %store/vec4 v0x55931e1fa090_0, 0, 32;
    %jmp T_2.23;
T_2.23 ;
    %pop/vec4 1;
    %load/vec4 v0x55931e1f9f60_0;
    %pad/u 32;
    %ix/load 5, 1, 0;
    %flag_set/imm 4, 0;
    %shiftl 5;
    %addi 1, 0, 32;
    %ix/vec4 4;
    %load/vec4a v0x55931e1dabc0, 4;
    %parti/s 1, 25, 6;
    %cmpi/e 1, 0, 1;
    %jmp/0xz  T_2.24, 4;
    %pushi/vec4 0, 0, 1;
    %load/vec4 v0x55931e1f9f60_0;
    %pad/u 32;
    %ix/load 5, 1, 0;
    %flag_set/imm 4, 0;
    %shiftl 5;
    %addi 1, 0, 32;
    %ix/vec4 4;
    %flag_mov 8, 4;
    %ix/load 5, 25, 0;
    %flag_set/imm 4, 0;
    %flag_or 4, 8;
    %store/vec4a v0x55931e1dabc0, 4, 5;
    %pushi/vec4 1, 0, 1;
    %load/vec4 v0x55931e1f9f60_0;
    %ix/load 5, 1, 0;
    %flag_set/imm 4, 0;
    %shiftl 5;
    %pad/u 6;
    %ix/vec4 4;
    %flag_mov 8, 4;
    %ix/load 5, 25, 0;
    %flag_set/imm 4, 0;
    %flag_or 4, 8;
    %store/vec4a v0x55931e1dabc0, 4, 5;
    %jmp T_2.25;
T_2.24 ;
    %pushi/vec4 0, 0, 1;
    %load/vec4 v0x55931e1f9f60_0;
    %pad/u 32;
    %ix/load 5, 1, 0;
    %flag_set/imm 4, 0;
    %shiftl 5;
    %addi 1, 0, 32;
    %ix/vec4 4;
    %flag_mov 8, 4;
    %ix/load 5, 25, 0;
    %flag_set/imm 4, 0;
    %flag_or 4, 8;
    %store/vec4a v0x55931e1dabc0, 4, 5;
    %pushi/vec4 1, 0, 1;
    %load/vec4 v0x55931e1f9f60_0;
    %ix/load 5, 1, 0;
    %flag_set/imm 4, 0;
    %shiftl 5;
    %pad/u 6;
    %ix/vec4 4;
    %flag_mov 8, 4;
    %ix/load 5, 25, 0;
    %flag_set/imm 4, 0;
    %flag_or 4, 8;
    %store/vec4a v0x55931e1dabc0, 4, 5;
T_2.25 ;
T_2.9 ;
    %jmp T_2.7;
T_2.6 ;
    %pushi/vec4 1, 0, 1;
    %store/vec4 v0x55931e1fa590_0, 0, 1;
    %load/vec4 v0x55931e1fd330_0;
    %ix/load 4, 4, 0;
    %flag_set/imm 4, 0;
    %shiftr 4;
    %ix/load 4, 4, 0;
    %flag_set/imm 4, 0;
    %shiftl 4;
    %store/vec4 v0x55931e1f9e80_0, 0, 32;
    %pushi/vec4 1, 0, 1;
    %store/vec4 v0x55931e1fa330_0, 0, 1;
    %load/vec4 v0x55931e1f9f60_0;
    %pad/u 32;
    %ix/load 5, 1, 0;
    %flag_set/imm 4, 0;
    %shiftl 5;
    %addi 1, 0, 32;
    %ix/vec4 4;
    %load/vec4a v0x55931e1dabc0, 4;
    %parti/s 1, 25, 6;
    %load/vec4 v0x55931e1f9f60_0;
    %ix/load 5, 1, 0;
    %flag_set/imm 4, 0;
    %shiftl 5;
    %pad/u 6;
    %ix/vec4 4;
    %load/vec4a v0x55931e1dabc0, 4;
    %parti/s 1, 25, 6;
    %concat/vec4; draw_concat_vec4
    %dup/vec4;
    %pushi/vec4 0, 0, 2;
    %cmp/u;
    %jmp/1 T_2.26, 6;
    %dup/vec4;
    %pushi/vec4 1, 0, 2;
    %cmp/u;
    %jmp/1 T_2.27, 6;
    %dup/vec4;
    %pushi/vec4 2, 0, 2;
    %cmp/u;
    %jmp/1 T_2.28, 6;
    %pushi/vec4 0, 0, 1;
    %store/vec4 v0x55931e1fdc00_0, 0, 1;
    %pushi/vec4 0, 0, 1;
    %load/vec4 v0x55931e1f9f60_0;
    %ix/load 5, 1, 0;
    %flag_set/imm 4, 0;
    %shiftl 5;
    %pad/u 6;
    %ix/vec4 4;
    %flag_mov 8, 4;
    %ix/load 5, 25, 0;
    %flag_set/imm 4, 0;
    %flag_or 4, 8;
    %store/vec4a v0x55931e1dabc0, 4, 5;
    %pushi/vec4 0, 0, 1;
    %load/vec4 v0x55931e1f9f60_0;
    %pad/u 32;
    %ix/load 5, 1, 0;
    %flag_set/imm 4, 0;
    %shiftl 5;
    %addi 1, 0, 32;
    %ix/vec4 4;
    %flag_mov 8, 4;
    %ix/load 5, 25, 0;
    %flag_set/imm 4, 0;
    %flag_or 4, 8;
    %store/vec4a v0x55931e1dabc0, 4, 5;
    %jmp T_2.30;
T_2.26 ;
    %pushi/vec4 0, 0, 1;
    %store/vec4 v0x55931e1fdc00_0, 0, 1;
    %pushi/vec4 0, 0, 1;
    %load/vec4 v0x55931e1f9f60_0;
    %ix/load 5, 1, 0;
    %flag_set/imm 4, 0;
    %shiftl 5;
    %pad/u 6;
    %ix/vec4 4;
    %flag_mov 8, 4;
    %ix/load 5, 25, 0;
    %flag_set/imm 4, 0;
    %flag_or 4, 8;
    %store/vec4a v0x55931e1dabc0, 4, 5;
    %pushi/vec4 1, 0, 1;
    %load/vec4 v0x55931e1f9f60_0;
    %pad/u 32;
    %ix/load 5, 1, 0;
    %flag_set/imm 4, 0;
    %shiftl 5;
    %addi 1, 0, 32;
    %ix/vec4 4;
    %flag_mov 8, 4;
    %ix/load 5, 25, 0;
    %flag_set/imm 4, 0;
    %flag_or 4, 8;
    %store/vec4a v0x55931e1dabc0, 4, 5;
    %jmp T_2.30;
T_2.27 ;
    %pushi/vec4 0, 0, 1;
    %store/vec4 v0x55931e1fdc00_0, 0, 1;
    %pushi/vec4 0, 0, 1;
    %load/vec4 v0x55931e1f9f60_0;
    %ix/load 5, 1, 0;
    %flag_set/imm 4, 0;
    %shiftl 5;
    %pad/u 6;
    %ix/vec4 4;
    %flag_mov 8, 4;
    %ix/load 5, 25, 0;
    %flag_set/imm 4, 0;
    %flag_or 4, 8;
    %store/vec4a v0x55931e1dabc0, 4, 5;
    %pushi/vec4 1, 0, 1;
    %load/vec4 v0x55931e1f9f60_0;
    %pad/u 32;
    %ix/load 5, 1, 0;
    %flag_set/imm 4, 0;
    %shiftl 5;
    %addi 1, 0, 32;
    %ix/vec4 4;
    %flag_mov 8, 4;
    %ix/load 5, 25, 0;
    %flag_set/imm 4, 0;
    %flag_or 4, 8;
    %store/vec4a v0x55931e1dabc0, 4, 5;
    %jmp T_2.30;
T_2.28 ;
    %pushi/vec4 1, 0, 1;
    %store/vec4 v0x55931e1fdc00_0, 0, 1;
    %pushi/vec4 1, 0, 1;
    %load/vec4 v0x55931e1f9f60_0;
    %ix/load 5, 1, 0;
    %flag_set/imm 4, 0;
    %shiftl 5;
    %pad/u 6;
    %ix/vec4 4;
    %flag_mov 8, 4;
    %ix/load 5, 25, 0;
    %flag_set/imm 4, 0;
    %flag_or 4, 8;
    %store/vec4a v0x55931e1dabc0, 4, 5;
    %pushi/vec4 0, 0, 1;
    %load/vec4 v0x55931e1f9f60_0;
    %pad/u 32;
    %ix/load 5, 1, 0;
    %flag_set/imm 4, 0;
    %shiftl 5;
    %addi 1, 0, 32;
    %ix/vec4 4;
    %flag_mov 8, 4;
    %ix/load 5, 25, 0;
    %flag_set/imm 4, 0;
    %flag_or 4, 8;
    %store/vec4a v0x55931e1dabc0, 4, 5;
    %jmp T_2.30;
T_2.30 ;
    %pop/vec4 1;
    %pushi/vec4 1, 0, 1;
    %store/vec4 v0x55931e1fda80_0, 0, 1;
T_2.7 ;
    %jmp T_2.5;
T_2.4 ;
    %pushi/vec4 0, 0, 1;
    %store/vec4 v0x55931e1fda80_0, 0, 1;
    %load/vec4 v0x55931e1fdc00_0;
    %store/vec4 v0x55931e1fdc00_0, 0, 1;
T_2.5 ;
    %jmp T_2.3;
T_2.1 ;
    %load/vec4 v0x55931e1fd4d0_0;
    %store/vec4 v0x55931e1fa650_0, 0, 128;
    %pushi/vec4 1, 0, 1;
    %store/vec4 v0x55931e1fa330_0, 0, 1;
    %load/vec4 v0x55931e1fdc00_0;
    %store/vec4 v0x55931e1fdc00_0, 0, 1;
    %load/vec4 v0x55931e1fd5b0_0;
    %cmpi/e 1, 0, 1;
    %jmp/0xz  T_2.31, 4;
    %load/vec4 v0x55931e1fa650_0;
    %load/vec4 v0x55931e1f9f60_0;
    %ix/load 5, 1, 0;
    %flag_set/imm 4, 0;
    %shiftl 5;
    %load/vec4 v0x55931e1fdc00_0;
    %pad/u 4;
    %add;
    %pad/u 6;
    %ix/vec4 4;
    %store/vec4a v0x55931e1dab20, 4, 0;
    %pushi/vec4 1, 0, 1;
    %load/vec4 v0x55931e1f9f60_0;
    %ix/load 5, 1, 0;
    %flag_set/imm 4, 0;
    %shiftl 5;
    %load/vec4 v0x55931e1fdc00_0;
    %pad/u 4;
    %add;
    %pad/u 6;
    %ix/vec4 4;
    %flag_mov 8, 4;
    %ix/load 5, 26, 0;
    %flag_set/imm 4, 0;
    %flag_or 4, 8;
    %store/vec4a v0x55931e1dabc0, 4, 5;
    %pushi/vec4 1, 0, 1;
    %store/vec4 v0x55931e1fa3f0_0, 0, 1;
    %pushi/vec4 0, 0, 1;
    %store/vec4 v0x55931e1fa330_0, 0, 1;
    %load/vec4 v0x55931e1fa250_0;
    %dup/vec4;
    %pushi/vec4 0, 0, 2;
    %cmp/u;
    %jmp/1 T_2.33, 6;
    %dup/vec4;
    %pushi/vec4 1, 0, 2;
    %cmp/u;
    %jmp/1 T_2.34, 6;
    %dup/vec4;
    %pushi/vec4 2, 0, 2;
    %cmp/u;
    %jmp/1 T_2.35, 6;
    %dup/vec4;
    %pushi/vec4 3, 0, 2;
    %cmp/u;
    %jmp/1 T_2.36, 6;
    %pushi/vec4 0, 0, 32;
    %store/vec4 v0x55931e1fa090_0, 0, 32;
    %jmp T_2.38;
T_2.33 ;
    %load/vec4 v0x55931e1f9f60_0;
    %ix/load 5, 1, 0;
    %flag_set/imm 4, 0;
    %shiftl 5;
    %load/vec4 v0x55931e1fdc00_0;
    %pad/u 4;
    %add;
    %pad/u 6;
    %ix/vec4 4;
    %load/vec4a v0x55931e1dab20, 4;
    %parti/s 32, 0, 2;
    %store/vec4 v0x55931e1fa090_0, 0, 32;
    %jmp T_2.38;
T_2.34 ;
    %load/vec4 v0x55931e1f9f60_0;
    %ix/load 5, 1, 0;
    %flag_set/imm 4, 0;
    %shiftl 5;
    %load/vec4 v0x55931e1fdc00_0;
    %pad/u 4;
    %add;
    %pad/u 6;
    %ix/vec4 4;
    %load/vec4a v0x55931e1dab20, 4;
    %parti/s 32, 32, 7;
    %store/vec4 v0x55931e1fa090_0, 0, 32;
    %jmp T_2.38;
T_2.35 ;
    %load/vec4 v0x55931e1f9f60_0;
    %ix/load 5, 1, 0;
    %flag_set/imm 4, 0;
    %shiftl 5;
    %load/vec4 v0x55931e1fdc00_0;
    %pad/u 4;
    %add;
    %pad/u 6;
    %ix/vec4 4;
    %load/vec4a v0x55931e1dab20, 4;
    %parti/s 32, 64, 8;
    %store/vec4 v0x55931e1fa090_0, 0, 32;
    %jmp T_2.38;
T_2.36 ;
    %load/vec4 v0x55931e1f9f60_0;
    %ix/load 5, 1, 0;
    %flag_set/imm 4, 0;
    %shiftl 5;
    %load/vec4 v0x55931e1fdc00_0;
    %pad/u 4;
    %add;
    %pad/u 6;
    %ix/vec4 4;
    %load/vec4a v0x55931e1dab20, 4;
    %parti/s 32, 96, 8;
    %store/vec4 v0x55931e1fa090_0, 0, 32;
    %jmp T_2.38;
T_2.38 ;
    %pop/vec4 1;
    %pushi/vec4 0, 0, 1;
    %store/vec4 v0x55931e1fda80_0, 0, 1;
    %jmp T_2.32;
T_2.31 ;
    %pushi/vec4 0, 0, 1;
    %store/vec4 v0x55931e1fa3f0_0, 0, 1;
    %pushi/vec4 1, 0, 1;
    %store/vec4 v0x55931e1fda80_0, 0, 1;
T_2.32 ;
    %jmp T_2.3;
T_2.3 ;
    %pop/vec4 1;
    %jmp T_2;
    .thread T_2, $push;
# The file index is used to find the file name in the following table.
:file_names 3;
    "N/A";
    "<interactive>";
    "/home/shikye/design_r/rtl/Icache.v";
